2020-07-09 19:05:17.340  INFO 20720 --- [main] c.f.FlightReservationApplication         : Starting FlightReservationApplication on StandinImmortal with PID 20720 (S:\Git Repos\LearningSpringBoot1\flightReservation\target\classes started by YashSomani in S:\Git Repos\LearningSpringBoot1\flightReservation)
2020-07-09 19:05:17.343  INFO 20720 --- [main] c.f.FlightReservationApplication         : No active profile set, falling back to default profiles: default
2020-07-09 19:05:17.996  INFO 20720 --- [main] .s.d.r.c.RepositoryConfigurationDelegate : Bootstrapping Spring Data JPA repositories in DEFERRED mode.
2020-07-09 19:05:18.061  INFO 20720 --- [main] .s.d.r.c.RepositoryConfigurationDelegate : Finished Spring Data repository scanning in 58ms. Found 4 JPA repository interfaces.
2020-07-09 19:05:18.509  INFO 20720 --- [main] o.s.b.w.embedded.tomcat.TomcatWebServer  : Tomcat initialized with port(s): 8080 (http)
2020-07-09 19:05:18.519  INFO 20720 --- [main] o.apache.catalina.core.StandardService   : Starting service [Tomcat]
2020-07-09 19:05:18.519  INFO 20720 --- [main] org.apache.catalina.core.StandardEngine  : Starting Servlet engine: [Apache Tomcat/9.0.36]
2020-07-09 19:05:18.783  INFO 20720 --- [main] org.apache.jasper.servlet.TldScanner     : At least one JAR was scanned for TLDs yet contained no TLDs. Enable debug logging for this logger for a complete list of JARs that were scanned but no TLDs were found in them. Skipping unneeded JARs during scanning can improve startup time and JSP compilation time.
2020-07-09 19:05:18.788  INFO 20720 --- [main] o.a.c.c.C.[.[.[/flightreservation]       : Initializing Spring embedded WebApplicationContext
2020-07-09 19:05:18.788  INFO 20720 --- [main] w.s.c.ServletWebServerApplicationContext : Root WebApplicationContext: initialization completed in 1402 ms
2020-07-09 19:05:18.999  INFO 20720 --- [main] o.s.s.concurrent.ThreadPoolTaskExecutor  : Initializing ExecutorService 'applicationTaskExecutor'
2020-07-09 19:05:19.010  INFO 20720 --- [main] com.zaxxer.hikari.HikariDataSource       : HikariPool-1 - Starting...
2020-07-09 19:05:19.216  INFO 20720 --- [main] com.zaxxer.hikari.HikariDataSource       : HikariPool-1 - Start completed.
2020-07-09 19:05:19.287  INFO 20720 --- [task-1] o.hibernate.jpa.internal.util.LogHelper  : HHH000204: Processing PersistenceUnitInfo [name: default]
2020-07-09 19:05:19.345  INFO 20720 --- [task-1] org.hibernate.Version                    : HHH000412: Hibernate ORM core version 5.4.17.Final
2020-07-09 19:05:19.361  WARN 20720 --- [main] JpaBaseConfiguration$JpaWebConfiguration : spring.jpa.open-in-view is enabled by default. Therefore, database queries may be performed during view rendering. Explicitly configure spring.jpa.open-in-view to disable this warning
2020-07-09 19:05:19.553  INFO 20720 --- [task-1] o.hibernate.annotations.common.Version   : HCANN000001: Hibernate Commons Annotations {5.1.0.Final}
2020-07-09 19:05:19.624  INFO 20720 --- [main] o.s.b.a.w.s.WelcomePageHandlerMapping    : Adding welcome page: ServletContext resource [/index.html]
2020-07-09 19:05:19.664  INFO 20720 --- [task-1] org.hibernate.dialect.Dialect            : HHH000400: Using dialect: org.hibernate.dialect.MySQL8Dialect
2020-07-09 19:05:19.891  INFO 20720 --- [main] o.s.b.w.embedded.tomcat.TomcatWebServer  : Tomcat started on port(s): 8080 (http) with context path '/flightreservation'
2020-07-09 19:05:19.892  INFO 20720 --- [main] DeferredRepositoryInitializationListener : Triggering deferred initialization of Spring Data repositories…
2020-07-09 19:05:20.426  INFO 20720 --- [task-1] o.h.e.t.j.p.i.JtaPlatformInitiator       : HHH000490: Using JtaPlatform implementation: [org.hibernate.engine.transaction.jta.platform.internal.NoJtaPlatform]
2020-07-09 19:05:20.433  INFO 20720 --- [task-1] j.LocalContainerEntityManagerFactoryBean : Initialized JPA EntityManagerFactory for persistence unit 'default'
2020-07-09 19:05:20.777  INFO 20720 --- [main] DeferredRepositoryInitializationListener : Spring Data repositories initialized!
2020-07-09 19:05:20.783  INFO 20720 --- [main] c.f.FlightReservationApplication         : Started FlightReservationApplication in 3.816 seconds (JVM running for 4.678)
2020-07-09 19:05:24.460  INFO 20720 --- [http-nio-8080-exec-1] o.a.c.c.C.[.[.[/flightreservation]       : Initializing Spring DispatcherServlet 'dispatcherServlet'
2020-07-09 19:05:24.461  INFO 20720 --- [http-nio-8080-exec-1] o.s.web.servlet.DispatcherServlet        : Initializing Servlet 'dispatcherServlet'
2020-07-09 19:05:24.470  INFO 20720 --- [http-nio-8080-exec-1] o.s.web.servlet.DispatcherServlet        : Completed initialization in 9 ms
2020-07-09 19:05:24.502  INFO 20720 --- [http-nio-8080-exec-1] c.f.controllers.userController           : Inside Login()yash@gmail.com
2020-07-09 19:06:16.457  INFO 20720 --- [RMI TCP Connection(10)-127.0.0.1] inMXBeanRegistrar$SpringApplicationAdmin : Application shutdown requested.
2020-07-09 19:06:16.665  INFO 20720 --- [RMI TCP Connection(10)-127.0.0.1] j.LocalContainerEntityManagerFactoryBean : Closing JPA EntityManagerFactory for persistence unit 'default'
2020-07-09 19:06:16.668  INFO 20720 --- [RMI TCP Connection(10)-127.0.0.1] o.s.s.concurrent.ThreadPoolTaskExecutor  : Shutting down ExecutorService 'applicationTaskExecutor'
2020-07-09 19:06:16.669  INFO 20720 --- [RMI TCP Connection(10)-127.0.0.1] com.zaxxer.hikari.HikariDataSource       : HikariPool-1 - Shutdown initiated...
2020-07-09 19:06:16.676  INFO 20720 --- [RMI TCP Connection(10)-127.0.0.1] com.zaxxer.hikari.HikariDataSource       : HikariPool-1 - Shutdown completed.
2020-07-09 19:06:19.789  INFO 9052 --- [main] c.f.FlightReservationApplication         : Starting FlightReservationApplication on StandinImmortal with PID 9052 (S:\Git Repos\LearningSpringBoot1\flightReservation\target\classes started by YashSomani in S:\Git Repos\LearningSpringBoot1\flightReservation)
2020-07-09 19:06:19.791  INFO 9052 --- [main] c.f.FlightReservationApplication         : No active profile set, falling back to default profiles: default
2020-07-09 19:06:20.719  INFO 9052 --- [main] .s.d.r.c.RepositoryConfigurationDelegate : Bootstrapping Spring Data JPA repositories in DEFERRED mode.
2020-07-09 19:06:20.796  INFO 9052 --- [main] .s.d.r.c.RepositoryConfigurationDelegate : Finished Spring Data repository scanning in 68ms. Found 4 JPA repository interfaces.
2020-07-09 19:06:21.258  INFO 9052 --- [main] o.s.b.w.embedded.tomcat.TomcatWebServer  : Tomcat initialized with port(s): 8080 (http)
2020-07-09 19:06:21.267  INFO 9052 --- [main] o.apache.catalina.core.StandardService   : Starting service [Tomcat]
2020-07-09 19:06:21.267  INFO 9052 --- [main] org.apache.catalina.core.StandardEngine  : Starting Servlet engine: [Apache Tomcat/9.0.36]
2020-07-09 19:06:21.539  INFO 9052 --- [main] org.apache.jasper.servlet.TldScanner     : At least one JAR was scanned for TLDs yet contained no TLDs. Enable debug logging for this logger for a complete list of JARs that were scanned but no TLDs were found in them. Skipping unneeded JARs during scanning can improve startup time and JSP compilation time.
2020-07-09 19:06:21.543  INFO 9052 --- [main] o.a.c.c.C.[.[.[/flightreservation]       : Initializing Spring embedded WebApplicationContext
2020-07-09 19:06:21.543  INFO 9052 --- [main] w.s.c.ServletWebServerApplicationContext : Root WebApplicationContext: initialization completed in 1715 ms
2020-07-09 19:06:21.709  INFO 9052 --- [main] o.s.s.concurrent.ThreadPoolTaskExecutor  : Initializing ExecutorService 'applicationTaskExecutor'
2020-07-09 19:06:21.716  INFO 9052 --- [main] com.zaxxer.hikari.HikariDataSource       : HikariPool-1 - Starting...
2020-07-09 19:06:21.832  INFO 9052 --- [main] com.zaxxer.hikari.HikariDataSource       : HikariPool-1 - Start completed.
2020-07-09 19:06:21.884  INFO 9052 --- [task-1] o.hibernate.jpa.internal.util.LogHelper  : HHH000204: Processing PersistenceUnitInfo [name: default]
2020-07-09 19:06:21.928  INFO 9052 --- [task-1] org.hibernate.Version                    : HHH000412: Hibernate ORM core version 5.4.17.Final
2020-07-09 19:06:21.943  WARN 9052 --- [main] JpaBaseConfiguration$JpaWebConfiguration : spring.jpa.open-in-view is enabled by default. Therefore, database queries may be performed during view rendering. Explicitly configure spring.jpa.open-in-view to disable this warning
2020-07-09 19:06:22.144  INFO 9052 --- [task-1] o.hibernate.annotations.common.Version   : HCANN000001: Hibernate Commons Annotations {5.1.0.Final}
2020-07-09 19:06:22.213  INFO 9052 --- [main] o.s.b.a.w.s.WelcomePageHandlerMapping    : Adding welcome page: ServletContext resource [/index.html]
2020-07-09 19:06:22.249  INFO 9052 --- [task-1] org.hibernate.dialect.Dialect            : HHH000400: Using dialect: org.hibernate.dialect.MySQL8Dialect
2020-07-09 19:06:22.384  INFO 9052 --- [main] o.s.b.w.embedded.tomcat.TomcatWebServer  : Tomcat started on port(s): 8080 (http) with context path '/flightreservation'
2020-07-09 19:06:22.385  INFO 9052 --- [main] DeferredRepositoryInitializationListener : Triggering deferred initialization of Spring Data repositories…
2020-07-09 19:06:22.886  INFO 9052 --- [task-1] o.h.e.t.j.p.i.JtaPlatformInitiator       : HHH000490: Using JtaPlatform implementation: [org.hibernate.engine.transaction.jta.platform.internal.NoJtaPlatform]
2020-07-09 19:06:22.894  INFO 9052 --- [task-1] j.LocalContainerEntityManagerFactoryBean : Initialized JPA EntityManagerFactory for persistence unit 'default'
2020-07-09 19:06:23.277  INFO 9052 --- [main] DeferredRepositoryInitializationListener : Spring Data repositories initialized!
2020-07-09 19:06:23.284  INFO 9052 --- [main] c.f.FlightReservationApplication         : Started FlightReservationApplication in 3.836 seconds (JVM running for 4.871)
2020-07-09 19:06:30.053  INFO 9052 --- [http-nio-8080-exec-1] o.a.c.c.C.[.[.[/flightreservation]       : Initializing Spring DispatcherServlet 'dispatcherServlet'
2020-07-09 19:06:30.053  INFO 9052 --- [http-nio-8080-exec-1] o.s.web.servlet.DispatcherServlet        : Initializing Servlet 'dispatcherServlet'
2020-07-09 19:06:30.066  INFO 9052 --- [http-nio-8080-exec-1] o.s.web.servlet.DispatcherServlet        : Completed initialization in 13 ms
2020-07-09 19:06:30.108  INFO 9052 --- [http-nio-8080-exec-1] c.f.controllers.userController           : Inside Login()yash@gmail.com
2020-07-09 19:06:37.586  INFO 9052 --- [http-nio-8080-exec-2] c.f.controllers.flightController         : Inside findFlights() From : AUS To : NYC
2020-07-09 19:06:37.606  INFO 9052 --- [http-nio-8080-exec-2] c.f.controllers.flightController         : Flights Found are : [Flight [flightNumber=AA1, operatingAirlines=American Airlines, departureCity=AUS, arrivalCity=NYC, dateOfDeparture=2018-02-05 00:00:00.0, estimatedDepartureTime=2018-02-05 03:14:07.0], Flight [flightNumber=AA2, operatingAirlines=American Airlines, departureCity=AUS, arrivalCity=NYC, dateOfDeparture=2018-02-05 00:00:00.0, estimatedDepartureTime=2018-02-05 05:14:07.0], Flight [flightNumber=AA3, operatingAirlines=American Airlines, departureCity=AUS, arrivalCity=NYC, dateOfDeparture=2018-02-05 00:00:00.0, estimatedDepartureTime=2018-02-05 06:14:07.0], Flight [flightNumber=SW1, operatingAirlines=South West, departureCity=AUS, arrivalCity=NYC, dateOfDeparture=2018-02-05 00:00:00.0, estimatedDepartureTime=2018-02-05 07:14:07.0]]
2020-07-09 19:07:06.143  INFO 9052 --- [RMI TCP Connection(10)-127.0.0.1] inMXBeanRegistrar$SpringApplicationAdmin : Application shutdown requested.
2020-07-09 19:07:06.348  INFO 9052 --- [RMI TCP Connection(10)-127.0.0.1] j.LocalContainerEntityManagerFactoryBean : Closing JPA EntityManagerFactory for persistence unit 'default'
2020-07-09 19:07:06.350  INFO 9052 --- [RMI TCP Connection(10)-127.0.0.1] o.s.s.concurrent.ThreadPoolTaskExecutor  : Shutting down ExecutorService 'applicationTaskExecutor'
2020-07-09 19:07:06.351  INFO 9052 --- [RMI TCP Connection(10)-127.0.0.1] com.zaxxer.hikari.HikariDataSource       : HikariPool-1 - Shutdown initiated...
2020-07-09 19:07:06.358  INFO 9052 --- [RMI TCP Connection(10)-127.0.0.1] com.zaxxer.hikari.HikariDataSource       : HikariPool-1 - Shutdown completed.
