2020-07-11 13:53:12 - Neither @ContextConfiguration nor @ContextHierarchy found for test class [com.flightReservation.FlightReservationApplicationTests], using SpringBootContextLoader
2020-07-11 13:53:12 - Could not detect default resource locations for test class [com.flightReservation.FlightReservationApplicationTests]: no resource found for suffixes {-context.xml, Context.groovy}.
2020-07-11 13:53:12 - Could not detect default configuration classes for test class [com.flightReservation.FlightReservationApplicationTests]: FlightReservationApplicationTests does not declare any static, non-private, non-final, nested classes annotated with @Configuration.
2020-07-11 13:53:12 - Found @SpringBootConfiguration com.flightReservation.FlightReservationApplication for test class com.flightReservation.FlightReservationApplicationTests
2020-07-11 13:53:13 - Loaded default TestExecutionListener class names from location [META-INF/spring.factories]: [org.springframework.boot.test.mock.mockito.MockitoTestExecutionListener, org.springframework.boot.test.mock.mockito.ResetMocksTestExecutionListener, org.springframework.boot.test.autoconfigure.restdocs.RestDocsTestExecutionListener, org.springframework.boot.test.autoconfigure.web.client.MockRestServiceServerResetTestExecutionListener, org.springframework.boot.test.autoconfigure.web.servlet.MockMvcPrintOnlyOnFailureTestExecutionListener, org.springframework.boot.test.autoconfigure.web.servlet.WebDriverTestExecutionListener, org.springframework.boot.test.autoconfigure.webservices.client.MockWebServiceServerTestExecutionListener, org.springframework.test.context.web.ServletTestExecutionListener, org.springframework.test.context.support.DirtiesContextBeforeModesTestExecutionListener, org.springframework.test.context.support.DependencyInjectionTestExecutionListener, org.springframework.test.context.support.DirtiesContextTestExecutionListener, org.springframework.test.context.transaction.TransactionalTestExecutionListener, org.springframework.test.context.jdbc.SqlScriptsTestExecutionListener, org.springframework.test.context.event.EventPublishingTestExecutionListener]
2020-07-11 13:53:13 - Using TestExecutionListeners: [org.springframework.test.context.web.ServletTestExecutionListener@4149c063, org.springframework.test.context.support.DirtiesContextBeforeModesTestExecutionListener@9cb8225, org.springframework.boot.test.mock.mockito.MockitoTestExecutionListener@76b07f29, org.springframework.boot.test.autoconfigure.SpringBootDependencyInjectionTestExecutionListener@38af9828, org.springframework.test.context.support.DirtiesContextTestExecutionListener@376a0d86, org.springframework.test.context.transaction.TransactionalTestExecutionListener@62656be4, org.springframework.test.context.jdbc.SqlScriptsTestExecutionListener@17d919b6, org.springframework.test.context.event.EventPublishingTestExecutionListener@53f3bdbd, org.springframework.boot.test.mock.mockito.ResetMocksTestExecutionListener@34129c78, org.springframework.boot.test.autoconfigure.restdocs.RestDocsTestExecutionListener@7d61eb55, org.springframework.boot.test.autoconfigure.web.client.MockRestServiceServerResetTestExecutionListener@222a59e6, org.springframework.boot.test.autoconfigure.web.servlet.MockMvcPrintOnlyOnFailureTestExecutionListener@6c7a164b, org.springframework.boot.test.autoconfigure.web.servlet.WebDriverTestExecutionListener@4c2bb6e0, org.springframework.boot.test.autoconfigure.webservices.client.MockWebServiceServerTestExecutionListener@3e62d773]
2020-07-11 13:53:13 - Starting FlightReservationApplicationTests on StandinImmortal with PID 17204 (started by YashSomani in S:\Git Repos\LearningSpringBoot1\flightReservation)
2020-07-11 13:53:13 - No active profile set, falling back to default profiles: default
2020-07-11 13:53:14 - Bootstrapping Spring Data JPA repositories in DEFERRED mode.
2020-07-11 13:53:15 - Finished Spring Data repository scanning in 268ms. Found 5 JPA repository interfaces.
2020-07-11 13:53:16 - Initializing ExecutorService 'applicationTaskExecutor'
2020-07-11 13:53:16 - HikariPool-1 - Starting...
2020-07-11 13:53:16 - HikariPool-1 - Start completed.
2020-07-11 13:53:16 - HHH000204: Processing PersistenceUnitInfo [name: default]
2020-07-11 13:53:16 - HHH000412: Hibernate ORM core version 5.4.17.Final
2020-07-11 13:53:16 - spring.jpa.open-in-view is enabled by default. Therefore, database queries may be performed during view rendering. Explicitly configure spring.jpa.open-in-view to disable this warning
2020-07-11 13:53:17 - HCANN000001: Hibernate Commons Annotations {5.1.0.Final}
2020-07-11 13:53:17 - Creating filter chain: any request, [org.springframework.security.web.context.request.async.WebAsyncManagerIntegrationFilter@35ee466f, org.springframework.security.web.context.SecurityContextPersistenceFilter@58a2b917, org.springframework.security.web.header.HeaderWriterFilter@5854a18, org.springframework.security.web.authentication.logout.LogoutFilter@1cdc1bbc, org.springframework.security.web.savedrequest.RequestCacheAwareFilter@12bbfc54, org.springframework.security.web.servletapi.SecurityContextHolderAwareRequestFilter@a22c4d8, org.springframework.security.web.authentication.AnonymousAuthenticationFilter@32e652b6, org.springframework.security.web.session.SessionManagementFilter@67cefd84, org.springframework.security.web.access.ExceptionTranslationFilter@49c17ba4, org.springframework.security.web.access.intercept.FilterSecurityInterceptor@536d97f8]
2020-07-11 13:53:17 - HHH000400: Using dialect: org.hibernate.dialect.MySQL8Dialect
2020-07-11 13:53:18 - Adding welcome page: ServletContext resource [/index.html]
2020-07-11 13:53:18 - Triggering deferred initialization of Spring Data repositories…
2020-07-11 13:53:19 - HHH000490: Using JtaPlatform implementation: [org.hibernate.engine.transaction.jta.platform.internal.NoJtaPlatform]
2020-07-11 13:53:19 - Initialized JPA EntityManagerFactory for persistence unit 'default'
2020-07-11 13:53:20 - Spring Data repositories initialized!
2020-07-11 13:53:20 - Started FlightReservationApplicationTests in 7.174 seconds (JVM running for 8.999)
2020-07-11 13:53:20 - Closing JPA EntityManagerFactory for persistence unit 'default'
2020-07-11 13:53:20 - Shutting down ExecutorService 'applicationTaskExecutor'
2020-07-11 13:53:20 - HikariPool-1 - Shutdown initiated...
2020-07-11 13:53:20 - HikariPool-1 - Shutdown completed.
2020-07-11 14:02:00 - Neither @ContextConfiguration nor @ContextHierarchy found for test class [com.flightReservation.FlightReservationApplicationTests], using SpringBootContextLoader
2020-07-11 14:02:00 - Could not detect default resource locations for test class [com.flightReservation.FlightReservationApplicationTests]: no resource found for suffixes {-context.xml, Context.groovy}.
2020-07-11 14:02:00 - Could not detect default configuration classes for test class [com.flightReservation.FlightReservationApplicationTests]: FlightReservationApplicationTests does not declare any static, non-private, non-final, nested classes annotated with @Configuration.
2020-07-11 14:02:00 - Found @SpringBootConfiguration com.flightReservation.FlightReservationApplication for test class com.flightReservation.FlightReservationApplicationTests
2020-07-11 14:02:01 - Loaded default TestExecutionListener class names from location [META-INF/spring.factories]: [org.springframework.boot.test.mock.mockito.MockitoTestExecutionListener, org.springframework.boot.test.mock.mockito.ResetMocksTestExecutionListener, org.springframework.boot.test.autoconfigure.restdocs.RestDocsTestExecutionListener, org.springframework.boot.test.autoconfigure.web.client.MockRestServiceServerResetTestExecutionListener, org.springframework.boot.test.autoconfigure.web.servlet.MockMvcPrintOnlyOnFailureTestExecutionListener, org.springframework.boot.test.autoconfigure.web.servlet.WebDriverTestExecutionListener, org.springframework.boot.test.autoconfigure.webservices.client.MockWebServiceServerTestExecutionListener, org.springframework.test.context.web.ServletTestExecutionListener, org.springframework.test.context.support.DirtiesContextBeforeModesTestExecutionListener, org.springframework.test.context.support.DependencyInjectionTestExecutionListener, org.springframework.test.context.support.DirtiesContextTestExecutionListener, org.springframework.test.context.transaction.TransactionalTestExecutionListener, org.springframework.test.context.jdbc.SqlScriptsTestExecutionListener, org.springframework.test.context.event.EventPublishingTestExecutionListener]
2020-07-11 14:02:01 - Using TestExecutionListeners: [org.springframework.test.context.web.ServletTestExecutionListener@376a0d86, org.springframework.test.context.support.DirtiesContextBeforeModesTestExecutionListener@62656be4, org.springframework.boot.test.mock.mockito.MockitoTestExecutionListener@17d919b6, org.springframework.boot.test.autoconfigure.SpringBootDependencyInjectionTestExecutionListener@53f3bdbd, org.springframework.test.context.support.DirtiesContextTestExecutionListener@34129c78, org.springframework.test.context.transaction.TransactionalTestExecutionListener@7d61eb55, org.springframework.test.context.jdbc.SqlScriptsTestExecutionListener@222a59e6, org.springframework.test.context.event.EventPublishingTestExecutionListener@6c7a164b, org.springframework.boot.test.mock.mockito.ResetMocksTestExecutionListener@4c2bb6e0, org.springframework.boot.test.autoconfigure.restdocs.RestDocsTestExecutionListener@3e62d773, org.springframework.boot.test.autoconfigure.web.client.MockRestServiceServerResetTestExecutionListener@4ef74c30, org.springframework.boot.test.autoconfigure.web.servlet.MockMvcPrintOnlyOnFailureTestExecutionListener@7283d3eb, org.springframework.boot.test.autoconfigure.web.servlet.WebDriverTestExecutionListener@638ef7ed, org.springframework.boot.test.autoconfigure.webservices.client.MockWebServiceServerTestExecutionListener@4bff7da0]
2020-07-11 14:02:01 - Starting FlightReservationApplicationTests on StandinImmortal with PID 8740 (started by YashSomani in S:\Git Repos\LearningSpringBoot1\flightReservation)
2020-07-11 14:02:01 - No active profile set, falling back to default profiles: default
2020-07-11 14:02:03 - Bootstrapping Spring Data JPA repositories in DEFERRED mode.
2020-07-11 14:02:03 - Finished Spring Data repository scanning in 149ms. Found 5 JPA repository interfaces.
2020-07-11 14:02:04 - Initializing ExecutorService 'applicationTaskExecutor'
2020-07-11 14:02:04 - HikariPool-1 - Starting...
2020-07-11 14:02:04 - HikariPool-1 - Start completed.
2020-07-11 14:02:04 - HHH000204: Processing PersistenceUnitInfo [name: default]
2020-07-11 14:02:05 - HHH000412: Hibernate ORM core version 5.4.17.Final
2020-07-11 14:02:05 - spring.jpa.open-in-view is enabled by default. Therefore, database queries may be performed during view rendering. Explicitly configure spring.jpa.open-in-view to disable this warning
2020-07-11 14:02:05 - HCANN000001: Hibernate Commons Annotations {5.1.0.Final}
2020-07-11 14:02:05 - Creating filter chain: any request, [org.springframework.security.web.context.request.async.WebAsyncManagerIntegrationFilter@6c1cfa53, org.springframework.security.web.context.SecurityContextPersistenceFilter@7d57dbb5, org.springframework.security.web.header.HeaderWriterFilter@47406941, org.springframework.security.web.authentication.logout.LogoutFilter@14f40030, org.springframework.security.web.savedrequest.RequestCacheAwareFilter@532e27ab, org.springframework.security.web.servletapi.SecurityContextHolderAwareRequestFilter@7e72a6cc, org.springframework.security.web.authentication.AnonymousAuthenticationFilter@4d68b571, org.springframework.security.web.session.SessionManagementFilter@737db7f8, org.springframework.security.web.access.ExceptionTranslationFilter@5e922647, org.springframework.security.web.access.intercept.FilterSecurityInterceptor@708f018e]
2020-07-11 14:02:06 - HHH000400: Using dialect: org.hibernate.dialect.MySQL8Dialect
2020-07-11 14:02:06 - Adding welcome page: ServletContext resource [/index.html]
2020-07-11 14:02:07 - Triggering deferred initialization of Spring Data repositories…
2020-07-11 14:02:07 - HHH000490: Using JtaPlatform implementation: [org.hibernate.engine.transaction.jta.platform.internal.NoJtaPlatform]
2020-07-11 14:02:07 - Initialized JPA EntityManagerFactory for persistence unit 'default'
2020-07-11 14:02:08 - Spring Data repositories initialized!
2020-07-11 14:02:08 - Started FlightReservationApplicationTests in 7.519 seconds (JVM running for 9.149)
2020-07-11 14:02:08 - Closing JPA EntityManagerFactory for persistence unit 'default'
2020-07-11 14:02:08 - Shutting down ExecutorService 'applicationTaskExecutor'
2020-07-11 14:02:08 - HikariPool-1 - Shutdown initiated...
2020-07-11 14:02:08 - HikariPool-1 - Shutdown completed.
