2020-07-13 18:51:00 - Starting FlightReservationApplication on StandinImmortal with PID 1004 (S:\Git Repos\LearningSpringBoot1\flightReservation\target\classes started by YashSomani in S:\Git Repos\LearningSpringBoot1\flightReservation)
2020-07-13 18:51:00 - No active profile set, falling back to default profiles: default
2020-07-13 18:51:01 - Bootstrapping Spring Data JPA repositories in DEFERRED mode.
2020-07-13 18:51:01 - Finished Spring Data repository scanning in 71ms. Found 5 JPA repository interfaces.
2020-07-13 18:51:02 - Tomcat initialized with port(s): 8080 (http)
2020-07-13 18:51:02 - Initializing ProtocolHandler ["http-nio-8080"]
2020-07-13 18:51:02 - Starting service [Tomcat]
2020-07-13 18:51:02 - Starting Servlet engine: [Apache Tomcat/9.0.36]
2020-07-13 18:51:02 - At least one JAR was scanned for TLDs yet contained no TLDs. Enable debug logging for this logger for a complete list of JARs that were scanned but no TLDs were found in them. Skipping unneeded JARs during scanning can improve startup time and JSP compilation time.
2020-07-13 18:51:02 - Initializing Spring embedded WebApplicationContext
2020-07-13 18:51:02 - Root WebApplicationContext: initialization completed in 1954 ms
2020-07-13 18:51:02 - Initializing ExecutorService 'applicationTaskExecutor'
2020-07-13 18:51:02 - HikariPool-1 - Starting...
2020-07-13 18:51:02 - HikariPool-1 - Start completed.
2020-07-13 18:51:02 - HHH000204: Processing PersistenceUnitInfo [name: default]
2020-07-13 18:51:03 - HHH000412: Hibernate ORM core version 5.4.17.Final
2020-07-13 18:51:03 - spring.jpa.open-in-view is enabled by default. Therefore, database queries may be performed during view rendering. Explicitly configure spring.jpa.open-in-view to disable this warning
2020-07-13 18:51:03 - HCANN000001: Hibernate Commons Annotations {5.1.0.Final}
2020-07-13 18:51:03 - Creating filter chain: any request, [org.springframework.security.web.context.request.async.WebAsyncManagerIntegrationFilter@4eba373c, org.springframework.security.web.context.SecurityContextPersistenceFilter@6f49d153, org.springframework.security.web.header.HeaderWriterFilter@59f93db8, org.springframework.security.web.authentication.logout.LogoutFilter@6a472566, org.springframework.security.web.savedrequest.RequestCacheAwareFilter@7e7f0216, org.springframework.security.web.servletapi.SecurityContextHolderAwareRequestFilter@546e61d5, org.springframework.security.web.authentication.AnonymousAuthenticationFilter@767a014e, org.springframework.security.web.session.SessionManagementFilter@7e19755a, org.springframework.security.web.access.ExceptionTranslationFilter@78e22d35, org.springframework.security.web.access.intercept.FilterSecurityInterceptor@433348bc]
2020-07-13 18:51:03 - HHH000400: Using dialect: org.hibernate.dialect.MySQL8Dialect
2020-07-13 18:51:03 - Adding welcome page: ServletContext resource [/index.html]
2020-07-13 18:51:03 - Starting ProtocolHandler ["http-nio-8080"]
2020-07-13 18:51:03 - Tomcat started on port(s): 8080 (http) with context path '/flightreservation'
2020-07-13 18:51:03 - Triggering deferred initialization of Spring Data repositories…
2020-07-13 18:51:04 - HHH000490: Using JtaPlatform implementation: [org.hibernate.engine.transaction.jta.platform.internal.NoJtaPlatform]
2020-07-13 18:51:04 - Initialized JPA EntityManagerFactory for persistence unit 'default'
2020-07-13 18:51:04 - Spring Data repositories initialized!
2020-07-13 18:51:04 - Started FlightReservationApplication in 4.348 seconds (JVM running for 5.452)
2020-07-13 18:52:26 - Initializing Spring DispatcherServlet 'dispatcherServlet'
2020-07-13 18:52:26 - Initializing Servlet 'dispatcherServlet'
2020-07-13 18:52:26 - Completed initialization in 10 ms
2020-07-13 18:52:33 - Inside findReservation for ID: 1
2020-07-13 19:17:28 - Application shutdown requested.
2020-07-13 19:17:29 - Closing JPA EntityManagerFactory for persistence unit 'default'
2020-07-13 19:17:29 - Shutting down ExecutorService 'applicationTaskExecutor'
2020-07-13 19:17:29 - HikariPool-1 - Shutdown initiated...
2020-07-13 19:17:29 - HikariPool-1 - Shutdown completed.
