2020-07-09 19:24:18 - Starting FlightReservationApplication on StandinImmortal with PID 17224 (S:\Git Repos\LearningSpringBoot1\flightReservation\target\classes started by YashSomani in S:\Git Repos\LearningSpringBoot1\flightReservation)
2020-07-09 19:24:18 - No active profile set, falling back to default profiles: default
2020-07-09 19:24:19 - Bootstrapping Spring Data JPA repositories in DEFERRED mode.
2020-07-09 19:24:19 - Finished Spring Data repository scanning in 58ms. Found 4 JPA repository interfaces.
2020-07-09 19:24:19 - Tomcat initialized with port(s): 8080 (http)
2020-07-09 19:24:19 - Initializing ProtocolHandler ["http-nio-8080"]
2020-07-09 19:24:19 - Starting service [Tomcat]
2020-07-09 19:24:19 - Starting Servlet engine: [Apache Tomcat/9.0.36]
2020-07-09 19:24:20 - At least one JAR was scanned for TLDs yet contained no TLDs. Enable debug logging for this logger for a complete list of JARs that were scanned but no TLDs were found in them. Skipping unneeded JARs during scanning can improve startup time and JSP compilation time.
2020-07-09 19:24:20 - Initializing Spring embedded WebApplicationContext
2020-07-09 19:24:20 - Root WebApplicationContext: initialization completed in 1352 ms
2020-07-09 19:24:20 - Initializing ExecutorService 'applicationTaskExecutor'
2020-07-09 19:24:20 - HikariPool-1 - Starting...
2020-07-09 19:24:20 - HikariPool-1 - Start completed.
2020-07-09 19:24:20 - HHH000204: Processing PersistenceUnitInfo [name: default]
2020-07-09 19:24:20 - HHH000412: Hibernate ORM core version 5.4.17.Final
2020-07-09 19:24:20 - spring.jpa.open-in-view is enabled by default. Therefore, database queries may be performed during view rendering. Explicitly configure spring.jpa.open-in-view to disable this warning
2020-07-09 19:24:20 - HCANN000001: Hibernate Commons Annotations {5.1.0.Final}
2020-07-09 19:24:20 - Adding welcome page: ServletContext resource [/index.html]
2020-07-09 19:24:20 - HHH000400: Using dialect: org.hibernate.dialect.MySQL8Dialect
2020-07-09 19:24:20 - Starting ProtocolHandler ["http-nio-8080"]
2020-07-09 19:24:20 - Tomcat started on port(s): 8080 (http) with context path '/flightreservation'
2020-07-09 19:24:20 - Triggering deferred initialization of Spring Data repositories…
2020-07-09 19:24:21 - HHH000490: Using JtaPlatform implementation: [org.hibernate.engine.transaction.jta.platform.internal.NoJtaPlatform]
2020-07-09 19:24:21 - Initialized JPA EntityManagerFactory for persistence unit 'default'
2020-07-09 19:24:21 - Spring Data repositories initialized!
2020-07-09 19:24:21 - Started FlightReservationApplication in 3.348 seconds (JVM running for 4.36)
2020-07-09 19:24:36 - Initializing Spring DispatcherServlet 'dispatcherServlet'
2020-07-09 19:24:36 - Initializing Servlet 'dispatcherServlet'
2020-07-09 19:24:36 - Completed initialization in 7 ms
2020-07-09 19:24:36 - Inside ShowLoginPage()
2020-07-09 19:24:46 - Inside Login()yash@gmail.com
2020-07-09 22:06:06 - HikariPool-1 - Thread starvation or clock leap detected (housekeeper delta=1h28m46s117ms838µs100ns).
2020-07-09 22:06:23 - Application shutdown requested.
2020-07-09 22:06:23 - Closing JPA EntityManagerFactory for persistence unit 'default'
2020-07-09 22:06:23 - Shutting down ExecutorService 'applicationTaskExecutor'
2020-07-09 22:06:23 - HikariPool-1 - Shutdown initiated...
2020-07-09 22:06:24 - HikariPool-1 - Shutdown completed.
